[INFO ][2017-04-28 15:20:15,932][main][org.springframework.test.context.support.DefaultTestContextBootstrapper] - Loaded default TestExecutionListener class names from location [META-INF/spring.factories]: [org.springframework.test.context.web.ServletTestExecutionListener, org.springframework.test.context.support.DirtiesContextBeforeModesTestExecutionListener, org.springframework.test.context.support.DependencyInjectionTestExecutionListener, org.springframework.test.context.support.DirtiesContextTestExecutionListener, org.springframework.test.context.transaction.TransactionalTestExecutionListener, org.springframework.test.context.jdbc.SqlScriptsTestExecutionListener]
[INFO ][2017-04-28 15:20:15,973][main][org.springframework.test.context.support.DefaultTestContextBootstrapper] - Could not instantiate TestExecutionListener [org.springframework.test.context.web.ServletTestExecutionListener]. Specify custom listener classes or make the default listener classes (and their required dependencies) available. Offending class: [javax/servlet/ServletContext]
[INFO ][2017-04-28 15:20:15,976][main][org.springframework.test.context.support.DefaultTestContextBootstrapper] - Using TestExecutionListeners: [org.springframework.test.context.support.DirtiesContextBeforeModesTestExecutionListener@a58d300, org.springframework.test.context.support.DependencyInjectionTestExecutionListener@4d84aa4e, org.springframework.test.context.support.DirtiesContextTestExecutionListener@40c90ea4, org.springframework.test.context.transaction.TransactionalTestExecutionListener@4fe05236, org.springframework.test.context.jdbc.SqlScriptsTestExecutionListener@10358032]
[INFO ][2017-04-28 15:20:16,417][main][org.springframework.beans.factory.xml.XmlBeanDefinitionReader] - Loading XML bean definitions from file [D:\work\svn_home\dev1.svn\sapp-modules\sapp-dao-jpa-hibernate\target\classes\spring-core.xml]
[INFO ][2017-04-28 15:20:16,692][main][org.springframework.beans.factory.xml.XmlBeanDefinitionReader] - Loading XML bean definitions from file [D:\work\svn_home\dev1.svn\sapp-modules\sapp-dao-jpa-hibernate\target\classes\spring-jpa.xml]
[INFO ][2017-04-28 15:20:17,84][main][org.springframework.context.support.GenericApplicationContext] - Refreshing org.springframework.context.support.GenericApplicationContext@4f3cd6: startup date [Fri Apr 28 15:20:17 CST 2017]; root of context hierarchy
[INFO ][2017-04-28 15:20:17,277][main][org.springframework.beans.factory.config.PropertyPlaceholderConfigurer] - Loading properties file from class path resource [jdbc.properties]
[INFO ][2017-04-28 15:20:17,722][main][org.springframework.orm.jpa.LocalContainerEntityManagerFactoryBean] - Building JPA container EntityManagerFactory for persistence unit 'default'
[INFO ][2017-04-28 15:20:17,760][main][org.hibernate.jpa.internal.util.LogHelper] - HHH000204: Processing PersistenceUnitInfo [
	name: default
	...]
[INFO ][2017-04-28 15:20:17,896][main][org.hibernate.Version] - HHH000412: Hibernate Core {4.3.1.Final}
[INFO ][2017-04-28 15:20:17,899][main][org.hibernate.cfg.Environment] - HHH000206: hibernate.properties not found
[INFO ][2017-04-28 15:20:17,901][main][org.hibernate.cfg.Environment] - HHH000021: Bytecode provider name : javassist
[INFO ][2017-04-28 15:20:18,315][main][org.hibernate.annotations.common.Version] - HCANN000001: Hibernate Commons Annotations {4.0.4.Final}
[INFO ][2017-04-28 15:20:19,430][main][org.hibernate.dialect.Dialect] - HHH000400: Using dialect: org.hibernate.dialect.SQLServerDialect
[INFO ][2017-04-28 15:20:19,638][main][org.hibernate.hql.internal.ast.ASTQueryTranslatorFactory] - HHH000397: Using ASTQueryTranslatorFactory
[INFO ][2017-04-28 15:20:20,388][main][org.hibernate.engine.internal.StatisticalLoggingSessionEventListener] - Session Metrics {
    0 nanoseconds spent acquiring 0 JDBC connections;
    0 nanoseconds spent releasing 0 JDBC connections;
    0 nanoseconds spent preparing 0 JDBC statements;
    0 nanoseconds spent executing 0 JDBC statements;
    0 nanoseconds spent executing 0 JDBC batches;
    0 nanoseconds spent performing 0 L2C puts;
    0 nanoseconds spent performing 0 L2C hits;
    0 nanoseconds spent performing 0 L2C misses;
    0 nanoseconds spent executing 0 flushes (flushing a total of 0 entities and 0 collections);
    0 nanoseconds spent executing 0 partial-flushes (flushing a total of 0 entities and 0 collections)
}
[INFO ][2017-04-28 15:20:20,391][main][org.hibernate.engine.internal.StatisticalLoggingSessionEventListener] - Session Metrics {
    0 nanoseconds spent acquiring 0 JDBC connections;
    0 nanoseconds spent releasing 0 JDBC connections;
    0 nanoseconds spent preparing 0 JDBC statements;
    0 nanoseconds spent executing 0 JDBC statements;
    0 nanoseconds spent executing 0 JDBC batches;
    0 nanoseconds spent performing 0 L2C puts;
    0 nanoseconds spent performing 0 L2C hits;
    0 nanoseconds spent performing 0 L2C misses;
    0 nanoseconds spent executing 0 flushes (flushing a total of 0 entities and 0 collections);
    0 nanoseconds spent executing 0 partial-flushes (flushing a total of 0 entities and 0 collections)
}
[INFO ][2017-04-28 15:20:20,421][main][org.hibernate.engine.internal.StatisticalLoggingSessionEventListener] - Session Metrics {
    0 nanoseconds spent acquiring 0 JDBC connections;
    0 nanoseconds spent releasing 0 JDBC connections;
    0 nanoseconds spent preparing 0 JDBC statements;
    0 nanoseconds spent executing 0 JDBC statements;
    0 nanoseconds spent executing 0 JDBC batches;
    0 nanoseconds spent performing 0 L2C puts;
    0 nanoseconds spent performing 0 L2C hits;
    0 nanoseconds spent performing 0 L2C misses;
    0 nanoseconds spent executing 0 flushes (flushing a total of 0 entities and 0 collections);
    0 nanoseconds spent executing 0 partial-flushes (flushing a total of 0 entities and 0 collections)
}
[INFO ][2017-04-28 15:20:20,453][main][org.hibernate.engine.internal.StatisticalLoggingSessionEventListener] - Session Metrics {
    0 nanoseconds spent acquiring 0 JDBC connections;
    0 nanoseconds spent releasing 0 JDBC connections;
    0 nanoseconds spent preparing 0 JDBC statements;
    0 nanoseconds spent executing 0 JDBC statements;
    0 nanoseconds spent executing 0 JDBC batches;
    0 nanoseconds spent performing 0 L2C puts;
    0 nanoseconds spent performing 0 L2C hits;
    0 nanoseconds spent performing 0 L2C misses;
    0 nanoseconds spent executing 0 flushes (flushing a total of 0 entities and 0 collections);
    0 nanoseconds spent executing 0 partial-flushes (flushing a total of 0 entities and 0 collections)
}
[INFO ][2017-04-28 15:20:20,477][main][org.hibernate.engine.internal.StatisticalLoggingSessionEventListener] - Session Metrics {
    0 nanoseconds spent acquiring 0 JDBC connections;
    0 nanoseconds spent releasing 0 JDBC connections;
    0 nanoseconds spent preparing 0 JDBC statements;
    0 nanoseconds spent executing 0 JDBC statements;
    0 nanoseconds spent executing 0 JDBC batches;
    0 nanoseconds spent performing 0 L2C puts;
    0 nanoseconds spent performing 0 L2C hits;
    0 nanoseconds spent performing 0 L2C misses;
    0 nanoseconds spent executing 0 flushes (flushing a total of 0 entities and 0 collections);
    0 nanoseconds spent executing 0 partial-flushes (flushing a total of 0 entities and 0 collections)
}
[INFO ][2017-04-28 15:20:20,529][main][org.hibernate.engine.internal.StatisticalLoggingSessionEventListener] - Session Metrics {
    0 nanoseconds spent acquiring 0 JDBC connections;
    0 nanoseconds spent releasing 0 JDBC connections;
    0 nanoseconds spent preparing 0 JDBC statements;
    0 nanoseconds spent executing 0 JDBC statements;
    0 nanoseconds spent executing 0 JDBC batches;
    0 nanoseconds spent performing 0 L2C puts;
    0 nanoseconds spent performing 0 L2C hits;
    0 nanoseconds spent performing 0 L2C misses;
    0 nanoseconds spent executing 0 flushes (flushing a total of 0 entities and 0 collections);
    0 nanoseconds spent executing 0 partial-flushes (flushing a total of 0 entities and 0 collections)
}
[INFO ][2017-04-28 15:20:20,899][main][org.hibernate.engine.internal.StatisticalLoggingSessionEventListener] - Session Metrics {
    102636 nanoseconds spent acquiring 1 JDBC connections;
    0 nanoseconds spent releasing 0 JDBC connections;
    11941611 nanoseconds spent preparing 1 JDBC statements;
    2458969 nanoseconds spent executing 1 JDBC statements;
    0 nanoseconds spent executing 0 JDBC batches;
    0 nanoseconds spent performing 0 L2C puts;
    0 nanoseconds spent performing 0 L2C hits;
    0 nanoseconds spent performing 0 L2C misses;
    0 nanoseconds spent executing 0 flushes (flushing a total of 0 entities and 0 collections);
    0 nanoseconds spent executing 0 partial-flushes (flushing a total of 0 entities and 0 collections)
}
[INFO ][2017-04-28 15:20:20,908][main][org.hibernate.engine.internal.StatisticalLoggingSessionEventListener] - Session Metrics {
    91944 nanoseconds spent acquiring 1 JDBC connections;
    0 nanoseconds spent releasing 0 JDBC connections;
    144545 nanoseconds spent preparing 1 JDBC statements;
    954080 nanoseconds spent executing 1 JDBC statements;
    0 nanoseconds spent executing 0 JDBC batches;
    0 nanoseconds spent performing 0 L2C puts;
    0 nanoseconds spent performing 0 L2C hits;
    0 nanoseconds spent performing 0 L2C misses;
    0 nanoseconds spent executing 0 flushes (flushing a total of 0 entities and 0 collections);
    0 nanoseconds spent executing 0 partial-flushes (flushing a total of 0 entities and 0 collections)
}
[INFO ][2017-04-28 15:20:20,932][main][org.hibernate.engine.internal.StatisticalLoggingSessionEventListener] - Session Metrics {
    38060 nanoseconds spent acquiring 1 JDBC connections;
    0 nanoseconds spent releasing 0 JDBC connections;
    0 nanoseconds spent preparing 0 JDBC statements;
    0 nanoseconds spent executing 0 JDBC statements;
    0 nanoseconds spent executing 0 JDBC batches;
    0 nanoseconds spent performing 0 L2C puts;
    0 nanoseconds spent performing 0 L2C hits;
    0 nanoseconds spent performing 0 L2C misses;
    0 nanoseconds spent executing 0 flushes (flushing a total of 0 entities and 0 collections);
    0 nanoseconds spent executing 0 partial-flushes (flushing a total of 0 entities and 0 collections)
}
[INFO ][2017-04-28 15:20:20,935][Thread-1][org.springframework.context.support.GenericApplicationContext] - Closing org.springframework.context.support.GenericApplicationContext@4f3cd6: startup date [Fri Apr 28 15:20:17 CST 2017]; root of context hierarchy
[INFO ][2017-04-28 15:20:20,939][Thread-1][org.springframework.orm.jpa.LocalContainerEntityManagerFactoryBean] - Closing JPA EntityManagerFactory for persistence unit 'default'
