[INFO ][2017-04-28 13:58:22,525][main][org.springframework.test.context.support.DefaultTestContextBootstrapper] - Loaded default TestExecutionListener class names from location [META-INF/spring.factories]: [org.springframework.test.context.web.ServletTestExecutionListener, org.springframework.test.context.support.DirtiesContextBeforeModesTestExecutionListener, org.springframework.test.context.support.DependencyInjectionTestExecutionListener, org.springframework.test.context.support.DirtiesContextTestExecutionListener, org.springframework.test.context.transaction.TransactionalTestExecutionListener, org.springframework.test.context.jdbc.SqlScriptsTestExecutionListener]
[INFO ][2017-04-28 13:58:22,567][main][org.springframework.test.context.support.DefaultTestContextBootstrapper] - Could not instantiate TestExecutionListener [org.springframework.test.context.web.ServletTestExecutionListener]. Specify custom listener classes or make the default listener classes (and their required dependencies) available. Offending class: [javax/servlet/ServletContext]
[INFO ][2017-04-28 13:58:22,602][main][org.springframework.test.context.support.DefaultTestContextBootstrapper] - Using TestExecutionListeners: [org.springframework.test.context.support.DirtiesContextBeforeModesTestExecutionListener@62b9a65b, org.springframework.test.context.support.DependencyInjectionTestExecutionListener@a58d300, org.springframework.test.context.support.DirtiesContextTestExecutionListener@4d84aa4e, org.springframework.test.context.transaction.TransactionalTestExecutionListener@40c90ea4, org.springframework.test.context.jdbc.SqlScriptsTestExecutionListener@4fe05236]
[INFO ][2017-04-28 13:58:23,122][main][org.springframework.beans.factory.xml.XmlBeanDefinitionReader] - Loading XML bean definitions from file [D:\work\svn_home\dev1.svn\sapp-modules\sapp-dao-jpa-hibernate\target\classes\spring-core.xml]
[INFO ][2017-04-28 13:58:23,384][main][org.springframework.beans.factory.xml.XmlBeanDefinitionReader] - Loading XML bean definitions from file [D:\work\svn_home\dev1.svn\sapp-modules\sapp-dao-jpa-hibernate\target\classes\spring-jpa.xml]
[INFO ][2017-04-28 13:58:23,705][main][org.springframework.context.support.GenericApplicationContext] - Refreshing org.springframework.context.support.GenericApplicationContext@26ae58e9: startup date [Fri Apr 28 13:58:23 CST 2017]; root of context hierarchy
[INFO ][2017-04-28 13:58:23,865][main][org.springframework.beans.factory.config.PropertyPlaceholderConfigurer] - Loading properties file from class path resource [jdbc.properties]
[INFO ][2017-04-28 13:58:24,267][main][org.springframework.orm.jpa.LocalContainerEntityManagerFactoryBean] - Building JPA container EntityManagerFactory for persistence unit 'default'
[INFO ][2017-04-28 13:58:24,306][main][org.hibernate.jpa.internal.util.LogHelper] - HHH000204: Processing PersistenceUnitInfo [
	name: default
	...]
[INFO ][2017-04-28 13:58:24,438][main][org.hibernate.Version] - HHH000412: Hibernate Core {4.3.1.Final}
[INFO ][2017-04-28 13:58:24,441][main][org.hibernate.cfg.Environment] - HHH000206: hibernate.properties not found
[INFO ][2017-04-28 13:58:24,443][main][org.hibernate.cfg.Environment] - HHH000021: Bytecode provider name : javassist
[INFO ][2017-04-28 13:58:24,842][main][org.hibernate.annotations.common.Version] - HCANN000001: Hibernate Commons Annotations {4.0.4.Final}
[INFO ][2017-04-28 13:58:25,811][main][org.hibernate.dialect.Dialect] - HHH000400: Using dialect: org.hibernate.dialect.SQLServerDialect
[INFO ][2017-04-28 13:58:26,225][main][org.hibernate.hql.internal.ast.ASTQueryTranslatorFactory] - HHH000397: Using ASTQueryTranslatorFactory
[INFO ][2017-04-28 13:58:27,439][main][org.hibernate.engine.internal.StatisticalLoggingSessionEventListener] - Session Metrics {
    0 nanoseconds spent acquiring 0 JDBC connections;
    0 nanoseconds spent releasing 0 JDBC connections;
    0 nanoseconds spent preparing 0 JDBC statements;
    0 nanoseconds spent executing 0 JDBC statements;
    0 nanoseconds spent executing 0 JDBC batches;
    0 nanoseconds spent performing 0 L2C puts;
    0 nanoseconds spent performing 0 L2C hits;
    0 nanoseconds spent performing 0 L2C misses;
    0 nanoseconds spent executing 0 flushes (flushing a total of 0 entities and 0 collections);
    0 nanoseconds spent executing 0 partial-flushes (flushing a total of 0 entities and 0 collections)
}
[INFO ][2017-04-28 13:58:27,444][main][org.hibernate.engine.internal.StatisticalLoggingSessionEventListener] - Session Metrics {
    0 nanoseconds spent acquiring 0 JDBC connections;
    0 nanoseconds spent releasing 0 JDBC connections;
    0 nanoseconds spent preparing 0 JDBC statements;
    0 nanoseconds spent executing 0 JDBC statements;
    0 nanoseconds spent executing 0 JDBC batches;
    0 nanoseconds spent performing 0 L2C puts;
    0 nanoseconds spent performing 0 L2C hits;
    0 nanoseconds spent performing 0 L2C misses;
    0 nanoseconds spent executing 0 flushes (flushing a total of 0 entities and 0 collections);
    0 nanoseconds spent executing 0 partial-flushes (flushing a total of 0 entities and 0 collections)
}
[INFO ][2017-04-28 13:58:27,492][main][org.hibernate.engine.internal.StatisticalLoggingSessionEventListener] - Session Metrics {
    0 nanoseconds spent acquiring 0 JDBC connections;
    0 nanoseconds spent releasing 0 JDBC connections;
    0 nanoseconds spent preparing 0 JDBC statements;
    0 nanoseconds spent executing 0 JDBC statements;
    0 nanoseconds spent executing 0 JDBC batches;
    0 nanoseconds spent performing 0 L2C puts;
    0 nanoseconds spent performing 0 L2C hits;
    0 nanoseconds spent performing 0 L2C misses;
    0 nanoseconds spent executing 0 flushes (flushing a total of 0 entities and 0 collections);
    0 nanoseconds spent executing 0 partial-flushes (flushing a total of 0 entities and 0 collections)
}
[INFO ][2017-04-28 13:58:27,537][main][org.hibernate.engine.internal.StatisticalLoggingSessionEventListener] - Session Metrics {
    0 nanoseconds spent acquiring 0 JDBC connections;
    0 nanoseconds spent releasing 0 JDBC connections;
    0 nanoseconds spent preparing 0 JDBC statements;
    0 nanoseconds spent executing 0 JDBC statements;
    0 nanoseconds spent executing 0 JDBC batches;
    0 nanoseconds spent performing 0 L2C puts;
    0 nanoseconds spent performing 0 L2C hits;
    0 nanoseconds spent performing 0 L2C misses;
    0 nanoseconds spent executing 0 flushes (flushing a total of 0 entities and 0 collections);
    0 nanoseconds spent executing 0 partial-flushes (flushing a total of 0 entities and 0 collections)
}
[INFO ][2017-04-28 13:58:27,570][main][org.hibernate.engine.internal.StatisticalLoggingSessionEventListener] - Session Metrics {
    0 nanoseconds spent acquiring 0 JDBC connections;
    0 nanoseconds spent releasing 0 JDBC connections;
    0 nanoseconds spent preparing 0 JDBC statements;
    0 nanoseconds spent executing 0 JDBC statements;
    0 nanoseconds spent executing 0 JDBC batches;
    0 nanoseconds spent performing 0 L2C puts;
    0 nanoseconds spent performing 0 L2C hits;
    0 nanoseconds spent performing 0 L2C misses;
    0 nanoseconds spent executing 0 flushes (flushing a total of 0 entities and 0 collections);
    0 nanoseconds spent executing 0 partial-flushes (flushing a total of 0 entities and 0 collections)
}
[INFO ][2017-04-28 13:58:27,629][main][org.hibernate.engine.internal.StatisticalLoggingSessionEventListener] - Session Metrics {
    0 nanoseconds spent acquiring 0 JDBC connections;
    0 nanoseconds spent releasing 0 JDBC connections;
    0 nanoseconds spent preparing 0 JDBC statements;
    0 nanoseconds spent executing 0 JDBC statements;
    0 nanoseconds spent executing 0 JDBC batches;
    0 nanoseconds spent performing 0 L2C puts;
    0 nanoseconds spent performing 0 L2C hits;
    0 nanoseconds spent performing 0 L2C misses;
    0 nanoseconds spent executing 0 flushes (flushing a total of 0 entities and 0 collections);
    0 nanoseconds spent executing 0 partial-flushes (flushing a total of 0 entities and 0 collections)
}
[INFO ][2017-04-28 13:58:28,54][main][org.hibernate.engine.internal.StatisticalLoggingSessionEventListener] - Session Metrics {
    170631 nanoseconds spent acquiring 1 JDBC connections;
    0 nanoseconds spent releasing 0 JDBC connections;
    23638180 nanoseconds spent preparing 1 JDBC statements;
    2780560 nanoseconds spent executing 1 JDBC statements;
    0 nanoseconds spent executing 0 JDBC batches;
    0 nanoseconds spent performing 0 L2C puts;
    0 nanoseconds spent performing 0 L2C hits;
    0 nanoseconds spent performing 0 L2C misses;
    0 nanoseconds spent executing 0 flushes (flushing a total of 0 entities and 0 collections);
    0 nanoseconds spent executing 0 partial-flushes (flushing a total of 0 entities and 0 collections)
}
[INFO ][2017-04-28 13:58:28,66][main][org.hibernate.engine.internal.StatisticalLoggingSessionEventListener] - Session Metrics {
    104774 nanoseconds spent acquiring 1 JDBC connections;
    0 nanoseconds spent releasing 0 JDBC connections;
    176191 nanoseconds spent preparing 1 JDBC statements;
    1058426 nanoseconds spent executing 1 JDBC statements;
    0 nanoseconds spent executing 0 JDBC batches;
    0 nanoseconds spent performing 0 L2C puts;
    0 nanoseconds spent performing 0 L2C hits;
    0 nanoseconds spent performing 0 L2C misses;
    0 nanoseconds spent executing 0 flushes (flushing a total of 0 entities and 0 collections);
    0 nanoseconds spent executing 0 partial-flushes (flushing a total of 0 entities and 0 collections)
}
[INFO ][2017-04-28 13:58:28,98][main][org.hibernate.engine.internal.StatisticalLoggingSessionEventListener] - Session Metrics {
    53884 nanoseconds spent acquiring 1 JDBC connections;
    0 nanoseconds spent releasing 0 JDBC connections;
    0 nanoseconds spent preparing 0 JDBC statements;
    0 nanoseconds spent executing 0 JDBC statements;
    0 nanoseconds spent executing 0 JDBC batches;
    0 nanoseconds spent performing 0 L2C puts;
    0 nanoseconds spent performing 0 L2C hits;
    0 nanoseconds spent performing 0 L2C misses;
    0 nanoseconds spent executing 0 flushes (flushing a total of 0 entities and 0 collections);
    0 nanoseconds spent executing 0 partial-flushes (flushing a total of 0 entities and 0 collections)
}
[INFO ][2017-04-28 13:58:28,101][Thread-1][org.springframework.context.support.GenericApplicationContext] - Closing org.springframework.context.support.GenericApplicationContext@26ae58e9: startup date [Fri Apr 28 13:58:23 CST 2017]; root of context hierarchy
[INFO ][2017-04-28 13:58:28,105][Thread-1][org.springframework.orm.jpa.LocalContainerEntityManagerFactoryBean] - Closing JPA EntityManagerFactory for persistence unit 'default'
